<?xml version="1.0" encoding="UTF-8"?>
<testsuite name="TestUserDataStorage" tests="1" skipped="0" failures="0" errors="0" timestamp="2020-01-21T17:49:50" hostname="chris_mbp" time="0.006">
  <properties/>
  <testcase name="check if finding users by password and username works correctly" classname="TestUserDataStorage" time="0.006"/>
  <system-out><![CDATA[]]></system-out>
  <system-err><![CDATA[]]></system-err>
</testsuite>
